<?xml version="1.0" encoding="UTF-8"?>
<<<<<<< HEAD
<testsuite name="halloqueensgambit.java.PieceTesting" tests="4" skipped="0" failures="0" errors="0" timestamp="2024-01-26T17:26:00" hostname="apples-mbp-2.trinity.local" time="0.01">
  <properties/>
  <testcase name="bishopTest1()" classname="halloqueensgambit.java.PieceTesting" time="0.006"/>
=======
<testsuite name="halloqueensgambit.java.PieceTesting" tests="4" skipped="0" failures="0" errors="0" timestamp="2024-01-26T18:11:19" hostname="apples-mbp-2.trinity.local" time="0.012">
  <properties/>
  <testcase name="bishopTest1()" classname="halloqueensgambit.java.PieceTesting" time="0.007"/>
>>>>>>> userMove
  <testcase name="bishopTest2()" classname="halloqueensgambit.java.PieceTesting" time="0.001"/>
  <testcase name="rookTest1()" classname="halloqueensgambit.java.PieceTesting" time="0.001"/>
  <testcase name="castleTest1()" classname="halloqueensgambit.java.PieceTesting" time="0.001"/>
  <system-out><![CDATA[]]></system-out>
  <system-err><![CDATA[]]></system-err>
</testsuite>
